<?xml version="1.0" encoding="UTF-8"?>
<testsuite name="ru.hse.tasktrackerapi.TaskTrackerApiApplicationTests" tests="1" skipped="0" failures="0" errors="0" timestamp="2025-01-04T13:09:15" hostname="ilya-MCLF-XX" time="0.512">
  <properties/>
  <testcase name="contextLoads()" classname="ru.hse.tasktrackerapi.TaskTrackerApiApplicationTests" time="0.512"/>
  <system-out><![CDATA[16:09:10.882 [Test worker] INFO org.springframework.test.context.support.AnnotationConfigContextLoaderUtils -- Could not detect default configuration classes for test class [ru.hse.tasktrackerapi.TaskTrackerApiApplicationTests]: TaskTrackerApiApplicationTests does not declare any static, non-private, non-final, nested classes annotated with @Configuration.
16:09:11.005 [Test worker] INFO org.springframework.boot.test.context.SpringBootTestContextBootstrapper -- Found @SpringBootConfiguration ru.hse.tasktrackerapi.TaskTrackerApiApplication for test class ru.hse.tasktrackerapi.TaskTrackerApiApplicationTests

  .   ____          _            __ _ _
 /\\ / ___'_ __ _ _(_)_ __  __ _ \ \ \ \
( ( )\___ | '_ | '_| | '_ \/ _` | \ \ \ \
 \\/  ___)| |_)| | | | | || (_| |  ) ) ) )
  '  |____| .__|_| |_|_| |_\__, | / / / /
 =========|_|==============|___/=/_/_/_/

 :: Spring Boot ::                (v3.4.1)

2025-01-04T16:09:11.547+03:00  INFO 41500 --- [    Test worker] r.h.t.TaskTrackerApiApplicationTests     : Starting TaskTrackerApiApplicationTests using Java 17.0.13 with PID 41500 (started by ilya in /home/ilya/IdeaProjects/task-tracker-api)
2025-01-04T16:09:11.550+03:00  INFO 41500 --- [    Test worker] r.h.t.TaskTrackerApiApplicationTests     : No active profile set, falling back to 1 default profile: "default"
2025-01-04T16:09:12.291+03:00  INFO 41500 --- [    Test worker] .s.d.r.c.RepositoryConfigurationDelegate : Bootstrapping Spring Data JPA repositories in DEFAULT mode.
2025-01-04T16:09:12.317+03:00  INFO 41500 --- [    Test worker] .s.d.r.c.RepositoryConfigurationDelegate : Finished Spring Data repository scanning in 14 ms. Found 0 JPA repository interfaces.
2025-01-04T16:09:12.770+03:00  INFO 41500 --- [    Test worker] com.zaxxer.hikari.HikariDataSource       : HikariPool-1 - Starting...
2025-01-04T16:09:13.219+03:00  INFO 41500 --- [    Test worker] com.zaxxer.hikari.pool.HikariPool        : HikariPool-1 - Added connection org.postgresql.jdbc.PgConnection@581c9bb7
2025-01-04T16:09:13.221+03:00  INFO 41500 --- [    Test worker] com.zaxxer.hikari.HikariDataSource       : HikariPool-1 - Start completed.
2025-01-04T16:09:13.285+03:00  INFO 41500 --- [    Test worker] o.hibernate.jpa.internal.util.LogHelper  : HHH000204: Processing PersistenceUnitInfo [name: default]
2025-01-04T16:09:13.343+03:00  INFO 41500 --- [    Test worker] org.hibernate.Version                    : HHH000412: Hibernate ORM core version 6.6.4.Final
2025-01-04T16:09:13.388+03:00  INFO 41500 --- [    Test worker] o.h.c.internal.RegionFactoryInitiator    : HHH000026: Second-level cache disabled
2025-01-04T16:09:13.701+03:00  INFO 41500 --- [    Test worker] o.s.o.j.p.SpringPersistenceUnitInfo      : No LoadTimeWeaver setup: ignoring JPA class transformer
2025-01-04T16:09:13.768+03:00  WARN 41500 --- [    Test worker] org.hibernate.orm.deprecation            : HHH90000025: PostgreSQLDialect does not need to be specified explicitly using 'hibernate.dialect' (remove the property setting and it will be selected by default)
2025-01-04T16:09:13.796+03:00  INFO 41500 --- [    Test worker] org.hibernate.orm.connections.pooling    : HHH10001005: Database info:
	Database JDBC URL [Connecting through datasource 'HikariDataSource (HikariPool-1)']
	Database driver: undefined/unknown
	Database version: 16.6
	Autocommit mode: undefined/unknown
	Isolation level: undefined/unknown
	Minimum pool size: undefined/unknown
	Maximum pool size: undefined/unknown
2025-01-04T16:09:14.835+03:00  INFO 41500 --- [    Test worker] o.h.e.t.j.p.i.JtaPlatformInitiator       : HHH000489: No JTA platform available (set 'hibernate.transaction.jta.platform' to enable JTA platform integration)
2025-01-04T16:09:14.838+03:00  INFO 41500 --- [    Test worker] j.LocalContainerEntityManagerFactoryBean : Initialized JPA EntityManagerFactory for persistence unit 'default'
2025-01-04T16:09:15.023+03:00  WARN 41500 --- [    Test worker] JpaBaseConfiguration$JpaWebConfiguration : spring.jpa.open-in-view is enabled by default. Therefore, database queries may be performed during view rendering. Explicitly configure spring.jpa.open-in-view to disable this warning
2025-01-04T16:09:15.055+03:00  INFO 41500 --- [    Test worker] o.s.b.a.w.s.WelcomePageHandlerMapping    : Adding welcome page: class path resource [static/index.html]
2025-01-04T16:09:15.501+03:00  INFO 41500 --- [    Test worker] r.h.t.TaskTrackerApiApplicationTests     : Started TaskTrackerApiApplicationTests in 4.324 seconds (process running for 5.618)
]]></system-out>
  <system-err><![CDATA[]]></system-err>
</testsuite>
